Flow report for Isaev32
Tue Nov 01 18:51:15 2022
Quartus II 64-Bit Version 13.1.0 Build 162 10/23/2013 SJ Web Edition


---------------------
; Table of Contents ;
---------------------
  1. Legal Notice
  2. Flow Summary
  3. Flow Settings
  4. Flow Non-Default Global Settings
  5. Flow Elapsed Time
  6. Flow OS Summary
  7. Flow Log
  8. Flow Messages
  9. Flow Suppressed Messages



----------------
; Legal Notice ;
----------------
Copyright (C) 1991-2013 Altera Corporation
Your use of Altera Corporation's design tools, logic functions 
and other software and tools, and its AMPP partner logic 
functions, and any output files from any of the foregoing 
(including device programming or simulation files), and any 
associated documentation or information are expressly subject 
to the terms and conditions of the Altera Program License 
Subscription Agreement, Altera MegaCore Function License 
Agreement, or other applicable license agreement, including, 
without limitation, that your use is for the sole purpose of 
programming logic devices manufactured by Altera and sold by 
Altera or its authorized distributors.  Please refer to the 
applicable agreement for further details.



+---------------------------------------------------------------------------------+
; Flow Summary                                                                    ;
+------------------------------------+--------------------------------------------+
; Flow Status                        ; Successful - Tue Nov 01 18:51:15 2022      ;
; Quartus II 64-Bit Version          ; 13.1.0 Build 162 10/23/2013 SJ Web Edition ;
; Revision Name                      ; Isaev32                                    ;
; Top-level Entity Name              ; lab4                                       ;
; Family                             ; Cyclone IV GX                              ;
; Total logic elements               ; 20 / 14,400 ( < 1 % )                      ;
;     Total combinational functions  ; 20 / 14,400 ( < 1 % )                      ;
;     Dedicated logic registers      ; 16 / 14,400 ( < 1 % )                      ;
; Total registers                    ; 16                                         ;
; Total pins                         ; 7 / 81 ( 9 % )                             ;
; Total virtual pins                 ; 0                                          ;
; Total memory bits                  ; 0 / 552,960 ( 0 % )                        ;
; Embedded Multiplier 9-bit elements ; 0                                          ;
; Total GXB Receiver Channel PCS     ; 0 / 2 ( 0 % )                              ;
; Total GXB Receiver Channel PMA     ; 0 / 2 ( 0 % )                              ;
; Total GXB Transmitter Channel PCS  ; 0 / 2 ( 0 % )                              ;
; Total GXB Transmitter Channel PMA  ; 0 / 2 ( 0 % )                              ;
; Total PLLs                         ; 0 / 3 ( 0 % )                              ;
; Device                             ; EP4CGX15BF14C6                             ;
; Timing Models                      ; Final                                      ;
+------------------------------------+--------------------------------------------+


+-----------------------------------------+
; Flow Settings                           ;
+-------------------+---------------------+
; Option            ; Setting             ;
+-------------------+---------------------+
; Start date & time ; 11/01/2022 18:47:02 ;
; Main task         ; Compilation         ;
; Revision Name     ; Isaev32             ;
+-------------------+---------------------+


+-------------------------------------------------------------------------------------------------------------------------------+
; Flow Non-Default Global Settings                                                                                              ;
+-------------------------------------+------------------------------------------+---------------+-------------+----------------+
; Assignment Name                     ; Value                                    ; Default Value ; Entity Name ; Section Id     ;
+-------------------------------------+------------------------------------------+---------------+-------------+----------------+
; COMPILER_SIGNATURE_ID               ; 123584825755448.166731762205048          ; --            ; --          ; --             ;
; EDA_GENERATE_FUNCTIONAL_NETLIST     ; On                                       ; --            ; --          ; eda_simulation ;
; EDA_NETLIST_WRITER_OUTPUT_DIR       ; C:/altera/13.1/Isaev/32/simulation/qsim/ ; --            ; --          ; eda_simulation ;
; EDA_OUTPUT_DATA_FORMAT              ; Verilog Hdl                              ; --            ; --          ; eda_simulation ;
; EDA_SIMULATION_TOOL                 ; ModelSim-Altera (Verilog)                ; <None>        ; --          ; --             ;
; PARTITION_COLOR                     ; 16764057                                 ; --            ; lab4        ; Top            ;
; PARTITION_FITTER_PRESERVATION_LEVEL ; PLACEMENT_AND_ROUTING                    ; --            ; lab4        ; Top            ;
; PARTITION_NETLIST_TYPE              ; SOURCE                                   ; --            ; lab4        ; Top            ;
; PROJECT_OUTPUT_DIRECTORY            ; output_files                             ; --            ; --          ; --             ;
; TOP_LEVEL_ENTITY                    ; lab4                                     ; Isaev32       ; --          ; --             ;
+-------------------------------------+------------------------------------------+---------------+-------------+----------------+


+-------------------------------------------------------------------------------------------------------------------------------+
; Flow Elapsed Time                                                                                                             ;
+---------------------------+--------------+-------------------------+---------------------+------------------------------------+
; Module Name               ; Elapsed Time ; Average Processors Used ; Peak Virtual Memory ; Total CPU Time (on all processors) ;
+---------------------------+--------------+-------------------------+---------------------+------------------------------------+
; Analysis & Synthesis      ; 00:00:02     ; 1.0                     ; 4719 MB             ; 00:00:01                           ;
; Fitter                    ; 00:00:05     ; 1.0                     ; 5771 MB             ; 00:00:07                           ;
; Assembler                 ; 00:00:01     ; 1.0                     ; 4649 MB             ; 00:00:01                           ;
; TimeQuest Timing Analyzer ; 00:00:02     ; 1.0                     ; 4710 MB             ; 00:00:02                           ;
; EDA Netlist Writer        ; 00:00:00     ; 1.0                     ; 4594 MB             ; 00:00:01                           ;
; EDA Netlist Writer        ; 00:00:00     ; 1.0                     ; 4606 MB             ; 00:00:01                           ;
; EDA Netlist Writer        ; 00:00:01     ; 1.0                     ; 4607 MB             ; 00:00:01                           ;
; EDA Netlist Writer        ; 00:00:00     ; 1.0                     ; 4607 MB             ; 00:00:01                           ;
; EDA Netlist Writer        ; 00:00:01     ; 1.0                     ; 4607 MB             ; 00:00:01                           ;
; Total                     ; 00:00:12     ; --                      ; --                  ; 00:00:16                           ;
+---------------------------+--------------+-------------------------+---------------------+------------------------------------+


+----------------------------------------------------------------------------------------+
; Flow OS Summary                                                                        ;
+---------------------------+------------------+-----------+------------+----------------+
; Module Name               ; Machine Hostname ; OS Name   ; OS Version ; Processor type ;
+---------------------------+------------------+-----------+------------+----------------+
; Analysis & Synthesis      ; LAPTOP-E3EEPQMQ  ; Windows 7 ; 6.2        ; x86_64         ;
; Fitter                    ; LAPTOP-E3EEPQMQ  ; Windows 7 ; 6.2        ; x86_64         ;
; Assembler                 ; LAPTOP-E3EEPQMQ  ; Windows 7 ; 6.2        ; x86_64         ;
; TimeQuest Timing Analyzer ; LAPTOP-E3EEPQMQ  ; Windows 7 ; 6.2        ; x86_64         ;
; EDA Netlist Writer        ; LAPTOP-E3EEPQMQ  ; Windows 7 ; 6.2        ; x86_64         ;
; EDA Netlist Writer        ; LAPTOP-E3EEPQMQ  ; Windows 7 ; 6.2        ; x86_64         ;
; EDA Netlist Writer        ; LAPTOP-E3EEPQMQ  ; Windows 7 ; 6.2        ; x86_64         ;
; EDA Netlist Writer        ; LAPTOP-E3EEPQMQ  ; Windows 7 ; 6.2        ; x86_64         ;
; EDA Netlist Writer        ; LAPTOP-E3EEPQMQ  ; Windows 7 ; 6.2        ; x86_64         ;
+---------------------------+------------------+-----------+------------+----------------+


------------
; Flow Log ;
------------
quartus_map --read_settings_files=on --write_settings_files=off Isaev32 -c Isaev32
quartus_fit --read_settings_files=off --write_settings_files=off Isaev32 -c Isaev32
quartus_asm --read_settings_files=off --write_settings_files=off Isaev32 -c Isaev32
quartus_sta Isaev32 -c Isaev32
quartus_eda --read_settings_files=off --write_settings_files=off Isaev32 -c Isaev32
quartus_eda --gen_testbench --check_outputs=on --tool=modelsim_oem --format=verilog Isaev32 -c Isaev32 --vector_source=C:/altera/13.1/Isaev/32/Waveform.vwf --testbench_file=C:/altera/13.1/Isaev/32/simulation/qsim/Waveform.vwf.vt
quartus_eda --functional=on --flatten_buses=off --simulation=on --tool=modelsim_oem --format=verilog --output_directory=C:/altera/13.1/Isaev/32/simulation/qsim/ Isaev32 -c Isaev32
quartus_eda --gen_testbench --check_outputs=on --tool=modelsim_oem --format=verilog Isaev32 -c Isaev32 --vector_source=C:/altera/13.1/Isaev/32/Waveform.vwf --testbench_file=C:/altera/13.1/Isaev/32/simulation/qsim/Waveform.vwf.vt
quartus_eda --functional=on --flatten_buses=off --simulation=on --tool=modelsim_oem --format=verilog --output_directory=C:/altera/13.1/Isaev/32/simulation/qsim/ Isaev32 -c Isaev32



